<?xml version="1.0" encoding="UTF-8"?>
<testsuite xmlns:xsi="http://www.w3.org/2001/XMLSchema-instance" xsi:noNamespaceSchemaLocation="https://maven.apache.org/surefire/maven-surefire-plugin/xsd/surefire-test-report.xsd" name="org.bachelor.transpiler.pl1transpiler.app.AppTests" time="0.183" tests="1" errors="0" skipped="0" failures="1">
  <properties>
[...]
</properties>
  <testcase name="main_InputFilePli" classname="org.bachelor.transpiler.pl1transpiler.app.AppTests" time="0.163">
    <failure message="Expected org.bachelor.transpiler.pl1transpiler.errorhandling.IncorrectInputFileException to be thrown, but nothing was thrown." type="org.opentest4j.AssertionFailedError">org.opentest4j.AssertionFailedError: Expected org.bachelor.transpiler.pl1transpiler.errorhandling.IncorrectInputFileException to be thrown, but nothing was thrown.
	at org.bachelor.transpiler.pl1transpiler.app.AppTests.main_InputFilePli(AppTests.java:23)
</failure>
    <system-out><![CDATA[
1 : DCL, word, 
2 : DECLARE, word, 
3 : BINARY, word, 
4 : BIN, word, 
5 : FIXED, word, 
6 : FLOAT, word, 
7 : CHARACTER, word, 
8 : CHAR, word, 
9 : VARYING, word, 
10 : VAR, word, 
11 : PIC, word, 
12 : PICTURE, word, 
13 : INIT, word, 
14 : PTR, word, 
15 : DECIMAL, word, 
16 : DEC, word, 
17 : REAL, word, 
18 : COMPLEX, word, 
19 : UNSIGNED, word, 
20 : SIGNED, word, 
21 : AREA, word, 
22 : DIMENSION, word, 
23 : ENTRY, word, 
24 : FILE, word, 
25 : FORMAT, word, 
26 : GRAPHIC, word, 
27 : HANDLE, word, 
28 : LABEL, word, 
29 : LOCATES, word, 
30 : NONVARYING, word, 
31 : OFFSET, word, 
32 : ORDINAL, word, 
33 : POINTER, word, 
34 : PRECISION, word, 
35 : RETURNS, word, 
36 : STRUCTURE, word, 
37 : TASK, word, 
38 : TYPE, word, 
39 : UNION, word, 
40 : VARYING4, word, 
41 : VARYINGZ, word, 
42 : WIDECHAR, word, 
43 : WIDEPIC, word, 
44 : ABNORMAL, word, 
45 : ALIGNED, word, 
46 : ASSIGNABLE, word, 
47 : AUTOMATIC, word, 
48 : BASED, word, 
49 : BIGENDIAN, word, 
50 : BUFFERED, word, 
51 : BUILTIN, word, 
52 : BYADDR, word, 
53 : BYVALUE, word, 
54 : CONDITION, word, 
55 : CONNECTED, word, 
56 : CONTROLLED, word, 
57 : DEFINED, word, 
58 : DIMACROSS, word, 
59 : DIRECT, word, 
60 : ENVIRONMENT, word, 
61 : EXCLUSIVE, word, 
62 : EXTERNAL, word, 
63 : GENERIC, word, 
64 : HEXADEC, word, 
65 : IEEE, word, 
66 : INDFOR, word, 
67 : INITIAL, word, 
68 : INONLY, word, 
69 : INOUT, word, 
70 : INPUT, word, 
71 : INTERMAL, word, 
72 : KEYED, word, 
73 : LIKE, word, 
74 : LIST, word, 
75 : LITTLEENDIAN, word, 
76 : NONASSIGNABLE, word, 
77 : NONCONNECTED, word, 
78 : NORMAL, word, 
79 : OPTIONAL, word, 
80 : OPTIONS, word, 
81 : OUTONLY, word, 
82 : OUTPUT, word, 
83 : PARAMETER, word, 
84 : POSITION, word, 
85 : PRINT, word, 
86 : RECORD, word, 
87 : SEQUENTIAL, word, 
88 : STATIC, word, 
89 : STREAM, word, 
90 : UNALIGNED, word, 
91 : UNBUFFERED, word, 
92 : UPDATE, word, 
93 : VALUE, word, 
94 : VARIABLE, word, 
95 : XMLATTR, word, 
96 : XMLOMIT, word, 
97 : test_17, 1, id,  PROGRAM
  VAR
   SCOPE
   Id
   TYPE
    PictureExpression
     Picture
     PictureAttribute
      PictureLetter
package resources.java; 
import java.math.BigDecimal; import java.util.HashMap; 
 import java.util.HashMap; 
 import java.util.regex.Matcher; 
 import java.util.regex.Pattern; 
public class Main { 
public static void main(String[] args) { }; PICTURE  test_17 = new  PICTURE  ("[0-9\*][0-9\*][0-9\*][0-9\*][0-9\*][\.\*][0-9\*][0-9\*]");
} 
interface Datatype { 
public void init(String content); 
}; 
 
class PICTURE {
	Pattern pattern;
	String content;

	public PICTURE(String regex) {
		pattern = Pattern.compile(regex);
	}

	public void init(String content) {
		Matcher matcher = pattern.matcher(content);
		if (matcher.matches()) {
			this.content = content;
		}
	}
} 
class PL1_CHAR implements Datatype{ char[] varname; public PL1_CHAR(int limit) { 
varname =  new char[limit]; } 
@Override public String toString() { 
 String string = new String(varname); 
return string; } 
public void init(String varname) { 
for(int i = 0; i<this.varname.length; i++) { 
this.varname[i] = varname.charAt(i); }}} 
 
class BINARY implements Datatype {
	byte[] content;
	
	public BINARY(int limit) {
		content = new byte[limit];
	}
	
	public void init(String content) {
		for(int i = 0; i<this.content.length;i++) {
			this.content[i] = (byte)content.charAt(i);
		}
	}
} 

]]></system-out>
  </testcase>
</testsuite>